<?xml version="1.0" encoding="UTF-8"?>
<!-- Generated by org.testng.reporters.JUnitReportReporter -->
<testsuite hostname="DESKTOP-U4N34CQ" failures="0" tests="1" name="com.Ninja.qa.TestPages.TestSearchPage" time="8.504" errors="0" timestamp="2023-10-10T20:57:59 IST" skipped="0">
  <testcase classname="com.Ninja.qa.TestPages.TestSearchPage" name="searchProduct" time="8.504"/>
  <system-out/>
</testsuite> <!-- com.Ninja.qa.TestPages.TestSearchPage -->
