<?xml version="1.0" encoding="UTF-8"?>
<!-- Generated by org.testng.reporters.JUnitReportReporter -->
<testsuite hostname="DESKTOP-U4N34CQ" failures="0" tests="1" name="com.Ninja.qa.TestPages.TestProductPage" time="12.253" errors="0" timestamp="2023-10-10T18:19:33 IST" skipped="0">
  <testcase classname="com.Ninja.qa.TestPages.TestProductPage" name="testproduct_addtocart" time="12.253"/>
  <system-out/>
</testsuite> <!-- com.Ninja.qa.TestPages.TestProductPage -->
