<?xml version="1.0" encoding="UTF-8"?>
<!-- Generated by org.testng.reporters.JUnitReportReporter -->
<testsuite hostname="DESKTOP-U4N34CQ" failures="0" tests="4" name="com.Ninja.qa.TestPages.HomePageTest" time="29.169" errors="0" timestamp="2023-10-10T21:21:02 IST" skipped="0">
  <testcase classname="com.Ninja.qa.TestPages.HomePageTest" name="testTitle" time="9.852"/>
  <system-out/>
  <testcase classname="com.Ninja.qa.TestPages.HomePageTest" name="testRegisterLink" time="5.923"/>
  <system-out/>
  <testcase classname="com.Ninja.qa.TestPages.HomePageTest" name="testLoginLink" time="5.077"/>
  <system-out/>
  <testcase classname="com.Ninja.qa.TestPages.HomePageTest" name="testMacLink" time="8.317"/>
  <system-out/>
</testsuite> <!-- com.Ninja.qa.TestPages.HomePageTest -->
